#
# A fatal error has been detected by the Java Runtime Environment:
#
#  Internal Error (javaCalls.cpp:51), pid=40628, tid=0x0000000000005203
#  guarantee(thread->is_Java_thread()) failed: crucial check - the VM thread cannot and must not escape to Java code
#
# JRE version: Java(TM) SE Runtime Environment (8.0_211-b12) (build 1.8.0_211-b12)
# Java VM: Java HotSpot(TM) 64-Bit Server VM (25.211-b12 mixed mode bsd-amd64 compressed oops)
# Failed to write core dump. Core dumps have been disabled. To enable core dumping, try "ulimit -c unlimited" before starting Java again
#
# If you would like to submit a bug report, please visit:
#   http://bugreport.java.com/bugreport/crash.jsp
#

---------------  T H R E A D  ---------------

Current thread (0x00007f8f4d01d800):  VMThread [stack: 0x000070000cebe000,0x000070000cfbe000] [id=20995]

Stack: [0x000070000cebe000,0x000070000cfbe000],  sp=0x000070000cfbcad0,  free space=1018k
Native frames: (J=compiled Java code, j=interpreted, Vv=VM code, C=native code)
V  [libjvm.dylib+0x5b6994]  VMError::report_and_die()+0x3f8
V  [libjvm.dylib+0x1e9bdd]  report_vm_error(char const*, int, char const*, char const*)+0x54
V  [libjvm.dylib+0x2f03c0]  JavaCallWrapper::JavaCallWrapper(methodHandle, Handle, JavaValue*, Thread*)+0x64
V  [libjvm.dylib+0x2f0c78]  JavaCalls::call_helper(JavaValue*, methodHandle*, JavaCallArguments*, Thread*)+0x608
V  [libjvm.dylib+0x2f11ab]  JavaCalls::call_special(JavaValue*, KlassHandle, Symbol*, Symbol*, JavaCallArguments*, Thread*)+0x111
V  [libjvm.dylib+0x24478f]  Exceptions::new_exception(Thread*, Symbol*, Symbol*, JavaCallArguments*, Handle, Handle)+0xc7
V  [libjvm.dylib+0x24488a]  Exceptions::new_exception(Thread*, Symbol*, Symbol*, JavaCallArguments*, Handle, Handle, Handle)+0x28
V  [libjvm.dylib+0x244ae9]  Exceptions::new_exception(Thread*, Symbol*, char const*, Handle, Handle, Handle, Exceptions::ExceptionMsgToUtf8Mode)+0x169
V  [libjvm.dylib+0x244b04]  Exceptions::new_exception(Thread*, Symbol*, char const*, Exceptions::ExceptionMsgToUtf8Mode)+0x18
V  [libjvm.dylib+0x2889a3]  GenerateOopMap::verify_error(char const*, ...)+0xed
V  [libjvm.dylib+0x28bcc2]  GenerateOopMap::init_basic_blocks()+0x1e8
V  [libjvm.dylib+0x28bdd0]  GenerateOopMap::do_interpretation()+0x26
V  [libjvm.dylib+0x28c207]  GenerateOopMap::compute_map(Thread*)+0x1fb
V  [libjvm.dylib+0x4861f5]  OopMapForCacheEntry::compute_map(Thread*)+0x8f
V  [libjvm.dylib+0x4863fe]  OopMapCacheEntry::fill(methodHandle, int)+0x19e
V  [libjvm.dylib+0x4865df]  OopMapCache::compute_one_oop_map(methodHandle, int, InterpreterOopMap*)+0x16b
V  [libjvm.dylib+0x486896]  OopMapCache::lookup(methodHandle, int, InterpreterOopMap*) const+0x25c
V  [libjvm.dylib+0x2c3b34]  InstanceKlass::mask_for(methodHandle, int, InterpreterOopMap*)+0xd2
V  [libjvm.dylib+0x453f21]  Method::mask_for(int, InterpreterOopMap*)+0xb3
V  [libjvm.dylib+0x39c033]  VM_GetOrSetLocal::doit()+0x47
V  [libjvm.dylib+0x5be615]  VM_Operation::evaluate()+0x4f
V  [libjvm.dylib+0x5bcbad]  VMThread::evaluate_operation(VM_Operation*)+0xdf
V  [libjvm.dylib+0x5bcffa]  VMThread::loop()+0x328
V  [libjvm.dylib+0x5bc919]  VMThread::run()+0x79
V  [libjvm.dylib+0x48f30a]  java_start(Thread*)+0xf6
C  [libsystem_pthread.dylib+0x3661]  _pthread_body+0x154
C  [libsystem_pthread.dylib+0x350d]  _pthread_body+0x0
C  [libsystem_pthread.dylib+0x2bf9]  thread_start+0xd

VM_Operation (0x000070000d3c9938): GetOrSetLocal, mode: safepoint, requested by thread 0x00007f8f4c80a000


---------------  P R O C E S S  ---------------

Java Threads: ( => current thread )
  0x00007f8f4d047800 JavaThread "Service Thread" daemon [_thread_blocked, id=16131, stack(0x000070000d8dc000,0x000070000d9dc000)]
  0x00007f8f4c056800 JavaThread "C1 CompilerThread2" daemon [_thread_blocked, id=14339, stack(0x000070000d7d9000,0x000070000d8d9000)]
  0x00007f8f4c09f800 JavaThread "C2 CompilerThread1" daemon [_thread_blocked, id=14083, stack(0x000070000d6d6000,0x000070000d7d6000)]
  0x00007f8f4d044800 JavaThread "C2 CompilerThread0" daemon [_thread_blocked, id=13571, stack(0x000070000d5d3000,0x000070000d6d3000)]
  0x00007f8f4c04b800 JavaThread "JDWP Command Reader" daemon [_thread_in_native, id=16899, stack(0x000070000d4d0000,0x000070000d5d0000)]
  0x00007f8f4d03f000 JavaThread "JDWP Event Helper Thread" daemon [_thread_blocked, id=13315, stack(0x000070000d3cd000,0x000070000d4cd000)]
  0x00007f8f4c80a000 JavaThread "JDWP Transport Listener: dt_socket" daemon [_thread_blocked, id=17671, stack(0x000070000d2ca000,0x000070000d3ca000)]
  0x00007f8f4d028800 JavaThread "Signal Dispatcher" daemon [_thread_blocked, id=13059, stack(0x000070000d1c7000,0x000070000d2c7000)]
  0x00007f8f4c800000 JavaThread "Finalizer" daemon [_thread_blocked, id=20483, stack(0x000070000d0c4000,0x000070000d1c4000)]
  0x00007f8f4d024000 JavaThread "Reference Handler" daemon [_thread_blocked, id=20739, stack(0x000070000cfc1000,0x000070000d0c1000)]
  0x00007f8f4d005800 JavaThread "main" [_thread_blocked, id=9987, stack(0x000070000c9af000,0x000070000caaf000)]

Other Threads:
=>0x00007f8f4d01d800 VMThread [stack: 0x000070000cebe000,0x000070000cfbe000] [id=20995]
  0x00007f8f4d071800 WatcherThread [stack: 0x000070000d9df000,0x000070000dadf000] [id=15107]

VM state:at safepoint (normal execution)

VM Mutex/Monitor currently owned by a thread:  ([mutex/lock_event])
[0x00007f8f4b502b60] Threads_lock - owner thread: 0x00007f8f4d01d800

heap address: 0x0000000780000000, size: 1024 MB, Compressed Oops mode: Zero based, Oop shift amount: 3
Narrow klass base: 0x0000000000000000, Narrow klass shift: 3
Compressed class space size: 1073741824 Address: 0x00000007c0000000

Heap:
 PSYoungGen      total 18944K, used 6773K [0x00000007aab00000, 0x00000007ac000000, 0x00000007c0000000)
  eden space 16384K, 41% used [0x00000007aab00000,0x00000007ab19d6e8,0x00000007abb00000)
  from space 2560K, 0% used [0x00000007abd80000,0x00000007abd80000,0x00000007ac000000)
  to   space 2560K, 0% used [0x00000007abb00000,0x00000007abb00000,0x00000007abd80000)
 ParOldGen       total 44032K, used 0K [0x0000000780000000, 0x0000000782b00000, 0x00000007aab00000)
  object space 44032K, 0% used [0x0000000780000000,0x0000000780000000,0x0000000782b00000)
 Metaspace       used 5712K, capacity 5778K, committed 6016K, reserved 1056768K
  class space    used 600K, capacity 625K, committed 640K, reserved 1048576K

Card table byte_map: [0x0000000106061000,0x0000000106262000] byte_map_base: 0x0000000102461000

Marking Bits: (ParMarkBitMap*) 0x00000001054fbe40
 Begin Bits: [0x00000001063b8000, 0x00000001073b8000)
 End Bits:   [0x00000001073b8000, 0x00000001083b8000)

Polling page: 0x00000001043ee000

CodeCache: size=245760Kb used=1520Kb max_used=1531Kb free=244239Kb
 bounds [0x0000000108f02000, 0x0000000109172000, 0x0000000117f02000]
 total_blobs=467 nmethods=178 adapters=211
 compilation: enabled

Compilation events (10 events):
Event: 44320.777 Thread 0x00007f8f4c056800  175       3       org.eclipse.jdt.launching.internal.org.objectweb.asm.ClassReader::readVerificationTypeInfo (184 bytes)
Event: 44320.780 Thread 0x00007f8f4c056800 nmethod 175 0x0000000109077d10 code [0x0000000109078000, 0x0000000109079868]
Event: 44439.636 Thread 0x00007f8f4c056800  178       3       java.lang.Number::<init> (5 bytes)
Event: 44439.637 Thread 0x00007f8f4c056800 nmethod 178 0x0000000109021fd0 code [0x0000000109022140, 0x00000001090222f0]
Event: 47768.800 Thread 0x00007f8f4c056800  179       3       org.eclipse.jdt.launching.internal.org.objectweb.asm.ClassReader::readConst (276 bytes)
Event: 47768.861 Thread 0x00007f8f4c056800 nmethod 179 0x000000010907ae10 code [0x000000010907b2a0, 0x000000010907db18]
Event: 47768.861 Thread 0x00007f8f4c056800  180       3       org.eclipse.jdt.launching.internal.org.objectweb.asm.MethodWriter::visitLdcInsn (215 bytes)
Event: 47768.862 Thread 0x00007f8f4c056800 nmethod 180 0x0000000109020e10 code [0x0000000109021020, 0x0000000109021af8]
Event: 48110.426 Thread 0x00007f8f4d044800  181       4       org.eclipse.jdt.launching.internal.org.objectweb.asm.ByteVector::putShort (52 bytes)
Event: 48110.447 Thread 0x00007f8f4d044800 nmethod 181 0x0000000109020910 code [0x0000000109020a80, 0x0000000109020c88]

GC Heap History (0 events):
No events

Deoptimization events (0 events):
No events

Classes redefined (10 events):
Event: 44320.777 Thread 0x00007f8f4d01d800 redefined class name=Firm, count=30
Event: 44439.642 Thread 0x00007f8f4d01d800 redefined class name=Firm, count=31
Event: 46827.797 Thread 0x00007f8f4d01d800 redefined class name=Firm, count=32
Event: 47714.917 Thread 0x00007f8f4d01d800 redefined class name=Firm, count=33
Event: 47768.801 Thread 0x00007f8f4d01d800 redefined class name=Firm, count=34
Event: 47802.420 Thread 0x00007f8f4d01d800 redefined class name=Firm, count=35
Event: 47823.985 Thread 0x00007f8f4d01d800 redefined class name=Firm, count=36
Event: 47838.299 Thread 0x00007f8f4d01d800 redefined class name=Firm, count=37
Event: 48110.431 Thread 0x00007f8f4d01d800 redefined class name=Firm, count=38
Event: 51181.910 Thread 0x00007f8f4d01d800 redefined class name=Firm, count=39

Internal exceptions (6 events):
Event: 1.104 Thread 0x00007f8f4d005800 Exception <a 'java/lang/NoSuchMethodError': Method sun.misc.Unsafe.defineClass(Ljava/lang/String;[BII)Ljava/lang/Class; name or signature does not match> (0x00000007aab07cb0) thrown at [/Users/java_re/workspace/8-2-build-macosx-x86_64/jdk8u211/12973/hotsp
Event: 1.104 Thread 0x00007f8f4d005800 Exception <a 'java/lang/NoSuchMethodError': Method sun.misc.Unsafe.prefetchRead(Ljava/lang/Object;J)V name or signature does not match> (0x00000007aab07f98) thrown at [/Users/java_re/workspace/8-2-build-macosx-x86_64/jdk8u211/12973/hotspot/src/share/vm/pr
Event: 5.615 Thread 0x00007f8f4d005800 Exception <a 'java/security/PrivilegedActionException'> (0x00000007ab069500) thrown at [/Users/java_re/workspace/8-2-build-macosx-x86_64/jdk8u211/12973/hotspot/src/share/vm/prims/jvm.cpp, line 1502]
Event: 5.615 Thread 0x00007f8f4d005800 Exception <a 'java/security/PrivilegedActionException'> (0x00000007ab0698f8) thrown at [/Users/java_re/workspace/8-2-build-macosx-x86_64/jdk8u211/12973/hotspot/src/share/vm/prims/jvm.cpp, line 1502]
Event: 5.616 Thread 0x00007f8f4d005800 Exception <a 'java/security/PrivilegedActionException'> (0x00000007ab06ce10) thrown at [/Users/java_re/workspace/8-2-build-macosx-x86_64/jdk8u211/12973/hotspot/src/share/vm/prims/jvm.cpp, line 1502]
Event: 5.616 Thread 0x00007f8f4d005800 Exception <a 'java/security/PrivilegedActionException'> (0x00000007ab06d208) thrown at [/Users/java_re/workspace/8-2-build-macosx-x86_64/jdk8u211/12973/hotspot/src/share/vm/prims/jvm.cpp, line 1502]

Events (10 events):
Event: 88372.771 Executing VM operation: GetOwnedMonitorInfo done
Event: 88372.776 Executing VM operation: GetCurrentContendedMonitor
Event: 88372.776 Executing VM operation: GetCurrentContendedMonitor done
Event: 88372.776 Executing VM operation: GetOwnedMonitorInfo
Event: 88372.776 Executing VM operation: GetOwnedMonitorInfo done
Event: 88947.333 Executing VM operation: GetOwnedMonitorInfo
Event: 88947.334 Executing VM operation: GetOwnedMonitorInfo done
Event: 88947.334 Executing VM operation: GetCurrentContendedMonitor
Event: 88947.334 Executing VM operation: GetCurrentContendedMonitor done
Event: 88949.828 Executing VM operation: GetOrSetLocal


Dynamic libraries:
0x00007fff2cd69000 	/System/Library/Frameworks/Cocoa.framework/Versions/A/Cocoa
0x00007fff393ae000 	/System/Library/Frameworks/Security.framework/Versions/A/Security
0x00007fff2b9aa000 	/System/Library/Frameworks/ApplicationServices.framework/Versions/A/ApplicationServices
0x00007fff55361000 	/usr/lib/libz.1.dylib
0x00007fff53213000 	/usr/lib/libSystem.B.dylib
0x00007fff5494e000 	/usr/lib/libobjc.A.dylib
0x00007fff2d52a000 	/System/Library/Frameworks/CoreFoundation.framework/Versions/A/CoreFoundation
0x00007fff2f6a3000 	/System/Library/Frameworks/Foundation.framework/Versions/C/Foundation
0x00007fff2aafa000 	/System/Library/Frameworks/AppKit.framework/Versions/C/AppKit
0x00007fff2d0e1000 	/System/Library/Frameworks/CoreData.framework/Versions/A/CoreData
0x00007fff4cacc000 	/System/Library/PrivateFrameworks/RemoteViewServices.framework/Versions/A/RemoteViewServices
0x00007fff51245000 	/System/Library/PrivateFrameworks/UIFoundation.framework/Versions/A/UIFoundation
0x00007fff418c4000 	/System/Library/PrivateFrameworks/DFRFoundation.framework/Versions/A/DFRFoundation
0x00007fff31d13000 	/System/Library/Frameworks/Metal.framework/Versions/A/Metal
0x00007fff41a61000 	/System/Library/PrivateFrameworks/DesktopServicesPriv.framework/Versions/A/DesktopServicesPriv
0x00007fff53e9b000 	/usr/lib/libenergytrace.dylib
0x00007fff4f2b1000 	/System/Library/PrivateFrameworks/SkyLight.framework/Versions/A/SkyLight
0x00007fff2d9c6000 	/System/Library/Frameworks/CoreGraphics.framework/Versions/A/CoreGraphics
0x00007fff5320e000 	/usr/lib/libScreenReader.dylib
0x00007fff2980c000 	/System/Library/Frameworks/Accelerate.framework/Versions/A/Accelerate
0x00007fff2fe1e000 	/System/Library/Frameworks/IOSurface.framework/Versions/A/IOSurface
0x00007fff2bef4000 	/System/Library/Frameworks/AudioToolbox.framework/Versions/A/AudioToolbox
0x00007fff2c184000 	/System/Library/Frameworks/AudioUnit.framework/Versions/A/AudioUnit
0x00007fff4195c000 	/System/Library/PrivateFrameworks/DataDetectorsCore.framework/Versions/A/DataDetectorsCore
0x00007fff2c85c000 	/System/Library/Frameworks/Carbon.framework/Versions/A/Frameworks/HIToolbox.framework/Versions/A/HIToolbox
0x00007fff53ff5000 	/usr/lib/libicucore.A.dylib
0x00007fff3892b000 	/System/Library/Frameworks/QuartzCore.framework/Versions/A/QuartzCore
0x00007fff4e553000 	/System/Library/PrivateFrameworks/SignpostNotification.framework/Versions/A/SignpostNotification
0x00007fff2cc42000 	/System/Library/Frameworks/Carbon.framework/Versions/A/Frameworks/SpeechRecognition.framework/Versions/A/SpeechRecognition
0x00007fff533f1000 	/usr/lib/libauto.dylib
0x00007fff55250000 	/usr/lib/libxml2.2.dylib
0x00007fff41514000 	/System/Library/PrivateFrameworks/CoreUI.framework/Versions/A/CoreUI
0x00007fff2cfbd000 	/System/Library/Frameworks/CoreAudio.framework/Versions/A/CoreAudio
0x00007fff2f4dd000 	/System/Library/Frameworks/DiskArbitration.framework/Versions/A/DiskArbitration
0x00007fff54269000 	/usr/lib/liblangid.dylib
0x00007fff48fcf000 	/System/Library/PrivateFrameworks/MultitouchSupport.framework/Versions/A/MultitouchSupport
0x00007fff2fd80000 	/System/Library/Frameworks/IOKit.framework/Versions/A/IOKit
0x00007fff52e9d000 	/usr/lib/libDiagnosticMessagesClient.dylib
0x00007fff2e6ba000 	/System/Library/Frameworks/CoreServices.framework/Versions/A/CoreServices
0x00007fff4ab08000 	/System/Library/PrivateFrameworks/PerformanceAnalysis.framework/Versions/A/PerformanceAnalysis
0x00007fff37acd000 	/System/Library/Frameworks/OpenGL.framework/Versions/A/OpenGL
0x00007fff2cd77000 	/System/Library/Frameworks/ColorSync.framework/Versions/A/ColorSync
0x00007fff2dff6000 	/System/Library/Frameworks/CoreImage.framework/Versions/A/CoreImage
0x00007fff2f04b000 	/System/Library/Frameworks/CoreText.framework/Versions/A/CoreText
0x00007fff2fe7c000 	/System/Library/Frameworks/ImageIO.framework/Versions/A/ImageIO
0x00007fff3e1c0000 	/System/Library/PrivateFrameworks/Backup.framework/Versions/A/Backup
0x00007fff532bf000 	/usr/lib/libarchive.2.dylib
0x00007fff2c4a7000 	/System/Library/Frameworks/CFNetwork.framework/Versions/A/CFNetwork
0x00007fff39b41000 	/System/Library/Frameworks/SystemConfiguration.framework/Versions/A/SystemConfiguration
0x00007fff52dc6000 	/usr/lib/libCRFSuite.dylib
0x00007fff534ca000 	/usr/lib/libc++.1.dylib
0x00007fff53521000 	/usr/lib/libc++abi.dylib
0x00007fff5540f000 	/usr/lib/system/libcache.dylib
0x00007fff55414000 	/usr/lib/system/libcommonCrypto.dylib
0x00007fff5541f000 	/usr/lib/system/libcompiler_rt.dylib
0x00007fff55427000 	/usr/lib/system/libcopyfile.dylib
0x00007fff55431000 	/usr/lib/system/libcorecrypto.dylib
0x00007fff5553e000 	/usr/lib/system/libdispatch.dylib
0x00007fff55578000 	/usr/lib/system/libdyld.dylib
0x00007fff55596000 	/usr/lib/system/libkeymgr.dylib
0x00007fff555a4000 	/usr/lib/system/liblaunch.dylib
0x00007fff555a5000 	/usr/lib/system/libmacho.dylib
0x00007fff555aa000 	/usr/lib/system/libquarantine.dylib
0x00007fff555ad000 	/usr/lib/system/libremovefile.dylib
0x00007fff555af000 	/usr/lib/system/libsystem_asl.dylib
0x00007fff555c7000 	/usr/lib/system/libsystem_blocks.dylib
0x00007fff555c8000 	/usr/lib/system/libsystem_c.dylib
0x00007fff55652000 	/usr/lib/system/libsystem_configuration.dylib
0x00007fff55656000 	/usr/lib/system/libsystem_coreservices.dylib
0x00007fff5565a000 	/usr/lib/system/libsystem_darwin.dylib
0x00007fff5565c000 	/usr/lib/system/libsystem_dnssd.dylib
0x00007fff55663000 	/usr/lib/system/libsystem_info.dylib
0x00007fff556d4000 	/usr/lib/system/libsystem_m.dylib
0x00007fff55720000 	/usr/lib/system/libsystem_malloc.dylib
0x00007fff55740000 	/usr/lib/system/libsystem_network.dylib
0x00007fff55871000 	/usr/lib/system/libsystem_networkextension.dylib
0x00007fff5587c000 	/usr/lib/system/libsystem_notify.dylib
0x00007fff5589a000 	/usr/lib/system/libsystem_sandbox.dylib
0x00007fff5589e000 	/usr/lib/system/libsystem_secinit.dylib
0x00007fff556ad000 	/usr/lib/system/libsystem_kernel.dylib
0x00007fff55886000 	/usr/lib/system/libsystem_platform.dylib
0x00007fff5588e000 	/usr/lib/system/libsystem_pthread.dylib
0x00007fff558a0000 	/usr/lib/system/libsystem_symptoms.dylib
0x00007fff558a8000 	/usr/lib/system/libsystem_trace.dylib
0x00007fff558bd000 	/usr/lib/system/libunwind.dylib
0x00007fff558c3000 	/usr/lib/system/libxpc.dylib
0x00007fff52cd9000 	/usr/lib/closure/libclosured.dylib
0x00007fff534ab000 	/usr/lib/libbsm.0.dylib
0x00007fff55597000 	/usr/lib/system/libkxld.dylib
0x00007fff530d7000 	/usr/lib/libOpenScriptingUtil.dylib
0x00007fff5381a000 	/usr/lib/libcoretls.dylib
0x00007fff53833000 	/usr/lib/libcoretls_cfhelpers.dylib
0x00007fff54d52000 	/usr/lib/libpam.2.dylib
0x00007fff54e79000 	/usr/lib/libsqlite3.dylib
0x00007fff5523f000 	/usr/lib/libxar.1.dylib
0x00007fff534bc000 	/usr/lib/libbz2.1.0.dylib
0x00007fff5426b000 	/usr/lib/liblzma.5.dylib
0x00007fff5474c000 	/usr/lib/libnetwork.dylib
0x00007fff532a8000 	/usr/lib/libapple_nghttp2.dylib
0x00007fff54d59000 	/usr/lib/libpcap.A.dylib
0x00007fff533f2000 	/usr/lib/libboringssl.dylib
0x00007fff551da000 	/usr/lib/libusrtcp.dylib
0x00007fff532a7000 	/usr/lib/libapple_crypto.dylib
0x00007fff2ea3d000 	/System/Library/Frameworks/CoreServices.framework/Versions/A/Frameworks/FSEvents.framework/Versions/A/FSEvents
0x00007fff2e730000 	/System/Library/Frameworks/CoreServices.framework/Versions/A/Frameworks/CarbonCore.framework/Versions/A/CarbonCore
0x00007fff2ec05000 	/System/Library/Frameworks/CoreServices.framework/Versions/A/Frameworks/Metadata.framework/Versions/A/Metadata
0x00007fff2ecb6000 	/System/Library/Frameworks/CoreServices.framework/Versions/A/Frameworks/OSServices.framework/Versions/A/OSServices
0x00007fff2ed17000 	/System/Library/Frameworks/CoreServices.framework/Versions/A/Frameworks/SearchKit.framework/Versions/A/SearchKit
0x00007fff2e6bb000 	/System/Library/Frameworks/CoreServices.framework/Versions/A/Frameworks/AE.framework/Versions/A/AE
0x00007fff2ea46000 	/System/Library/Frameworks/CoreServices.framework/Versions/A/Frameworks/LaunchServices.framework/Versions/A/LaunchServices
0x00007fff2ea08000 	/System/Library/Frameworks/CoreServices.framework/Versions/A/Frameworks/DictionaryServices.framework/Versions/A/DictionaryServices
0x00007fff2ed86000 	/System/Library/Frameworks/CoreServices.framework/Versions/A/Frameworks/SharedFileList.framework/Versions/A/SharedFileList
0x00007fff32f49000 	/System/Library/Frameworks/NetFS.framework/Versions/A/NetFS
0x00007fff49260000 	/System/Library/PrivateFrameworks/NetAuth.framework/Versions/A/NetAuth
0x00007fff52b70000 	/System/Library/PrivateFrameworks/login.framework/Versions/A/Frameworks/loginsupport.framework/Versions/A/loginsupport
0x00007fff50ec2000 	/System/Library/PrivateFrameworks/TCC.framework/Versions/A/TCC
0x00007fff5434c000 	/usr/lib/libmecabra.dylib
0x00007fff2b9ab000 	/System/Library/Frameworks/ApplicationServices.framework/Versions/A/Frameworks/ATS.framework/Versions/A/ATS
0x00007fff2bd59000 	/System/Library/Frameworks/ApplicationServices.framework/Versions/A/Frameworks/ColorSyncLegacy.framework/Versions/A/ColorSyncLegacy
0x00007fff2bdfd000 	/System/Library/Frameworks/ApplicationServices.framework/Versions/A/Frameworks/HIServices.framework/Versions/A/HIServices
0x00007fff2be50000 	/System/Library/Frameworks/ApplicationServices.framework/Versions/A/Frameworks/LangAnalysis.framework/Versions/A/LangAnalysis
0x00007fff2be5f000 	/System/Library/Frameworks/ApplicationServices.framework/Versions/A/Frameworks/PrintCore.framework/Versions/A/PrintCore
0x00007fff2beac000 	/System/Library/Frameworks/ApplicationServices.framework/Versions/A/Frameworks/QD.framework/Versions/A/QD
0x00007fff2bee7000 	/System/Library/Frameworks/ApplicationServices.framework/Versions/A/Frameworks/SpeechSynthesis.framework/Versions/A/SpeechSynthesis
0x00007fff2d446000 	/System/Library/Frameworks/CoreDisplay.framework/Versions/A/CoreDisplay
0x00007fff29825000 	/System/Library/Frameworks/Accelerate.framework/Versions/A/Frameworks/vImage.framework/Versions/A/vImage
0x00007fff2a806000 	/System/Library/Frameworks/Accelerate.framework/Versions/A/Frameworks/vecLib.framework/Versions/A/vecLib
0x00007fff2a5db000 	/System/Library/Frameworks/Accelerate.framework/Versions/A/Frameworks/vecLib.framework/Versions/A/libvDSP.dylib
0x00007fff2a115000 	/System/Library/Frameworks/Accelerate.framework/Versions/A/Frameworks/vecLib.framework/Versions/A/libBNNS.dylib
0x00007fff2a541000 	/System/Library/Frameworks/Accelerate.framework/Versions/A/Frameworks/vecLib.framework/Versions/A/libQuadrature.dylib
0x00007fff2a74f000 	/System/Library/Frameworks/Accelerate.framework/Versions/A/Frameworks/vecLib.framework/Versions/A/libvMisc.dylib
0x00007fff2a150000 	/System/Library/Frameworks/Accelerate.framework/Versions/A/Frameworks/vecLib.framework/Versions/A/libLAPACK.dylib
0x00007fff29f74000 	/System/Library/Frameworks/Accelerate.framework/Versions/A/Frameworks/vecLib.framework/Versions/A/libBLAS.dylib
0x00007fff2a52a000 	/System/Library/Frameworks/Accelerate.framework/Versions/A/Frameworks/vecLib.framework/Versions/A/libLinearAlgebra.dylib
0x00007fff2a547000 	/System/Library/Frameworks/Accelerate.framework/Versions/A/Frameworks/vecLib.framework/Versions/A/libSparse.dylib
0x00007fff2a5c8000 	/System/Library/Frameworks/Accelerate.framework/Versions/A/Frameworks/vecLib.framework/Versions/A/libSparseBLAS.dylib
0x00007fff460a0000 	/System/Library/PrivateFrameworks/GPUWrangler.framework/Versions/A/GPUWrangler
0x00007fff47831000 	/System/Library/PrivateFrameworks/IOAccelerator.framework/Versions/A/IOAccelerator
0x00007fff4783c000 	/System/Library/PrivateFrameworks/IOPresentment.framework/Versions/A/IOPresentment
0x00007fff418d6000 	/System/Library/PrivateFrameworks/DSExternalDisplay.framework/Versions/A/DSExternalDisplay
0x00007fff36f4c000 	/System/Library/Frameworks/OpenGL.framework/Versions/A/Libraries/libCoreFSCache.dylib
0x00007fff2f19c000 	/System/Library/Frameworks/CoreVideo.framework/Versions/A/CoreVideo
0x00007fff46e1b000 	/System/Library/PrivateFrameworks/GraphVisualizer.framework/Versions/A/GraphVisualizer
0x00007fff31f4a000 	/System/Library/Frameworks/MetalPerformanceShaders.framework/Versions/A/MetalPerformanceShaders
0x00007fff52ed5000 	/usr/lib/libFosl_dynamic.dylib
0x00007fff429aa000 	/System/Library/PrivateFrameworks/FaceCore.framework/Versions/A/FaceCore
0x00007fff35d47000 	/System/Library/Frameworks/OpenCL.framework/Versions/A/OpenCL
0x00007fff53558000 	/usr/lib/libcompression.dylib
0x00007fff2baaa000 	/System/Library/Frameworks/ApplicationServices.framework/Versions/A/Frameworks/ATS.framework/Versions/A/Resources/libFontParser.dylib
0x00007fff2bbcd000 	/System/Library/Frameworks/ApplicationServices.framework/Versions/A/Frameworks/ATS.framework/Versions/A/Resources/libFontRegistry.dylib
0x00007fff300e7000 	/System/Library/Frameworks/ImageIO.framework/Versions/A/Resources/libJPEG.dylib
0x00007fff30411000 	/System/Library/Frameworks/ImageIO.framework/Versions/A/Resources/libTIFF.dylib
0x00007fff303e7000 	/System/Library/Frameworks/ImageIO.framework/Versions/A/Resources/libPng.dylib
0x00007fff2fffa000 	/System/Library/Frameworks/ImageIO.framework/Versions/A/Resources/libGIF.dylib
0x00007fff2ffff000 	/System/Library/Frameworks/ImageIO.framework/Versions/A/Resources/libJP2.dylib
0x00007fff3040e000 	/System/Library/Frameworks/ImageIO.framework/Versions/A/Resources/libRadiance.dylib
0x00007fff3d8ea000 	/System/Library/PrivateFrameworks/AppleJPEG.framework/Versions/A/AppleJPEG
0x00007fff31db1000 	/System/Library/Frameworks/MetalPerformanceShaders.framework/Frameworks/MPSCore.framework/Versions/A/MPSCore
0x00007fff31dcd000 	/System/Library/Frameworks/MetalPerformanceShaders.framework/Frameworks/MPSImage.framework/Versions/A/MPSImage
0x00007fff31e62000 	/System/Library/Frameworks/MetalPerformanceShaders.framework/Frameworks/MPSNeuralNetwork.framework/Versions/A/MPSNeuralNetwork
0x00007fff31e3d000 	/System/Library/Frameworks/MetalPerformanceShaders.framework/Frameworks/MPSMatrix.framework/Versions/A/MPSMatrix
0x00007fff48d32000 	/System/Library/PrivateFrameworks/MetalTools.framework/Versions/A/MetalTools
0x00007fff37117000 	/System/Library/Frameworks/OpenGL.framework/Versions/A/Libraries/libGLU.dylib
0x00007fff36f57000 	/System/Library/Frameworks/OpenGL.framework/Versions/A/Libraries/libGFXShared.dylib
0x00007fff36f61000 	/System/Library/Frameworks/OpenGL.framework/Versions/A/Libraries/libGL.dylib
0x00007fff36f6d000 	/System/Library/Frameworks/OpenGL.framework/Versions/A/Libraries/libGLImage.dylib
0x00007fff36f49000 	/System/Library/Frameworks/OpenGL.framework/Versions/A/Libraries/libCVMSPluginSupport.dylib
0x00007fff36f52000 	/System/Library/Frameworks/OpenGL.framework/Versions/A/Libraries/libCoreVMClient.dylib
0x00007fff53d05000 	/usr/lib/libcups.2.dylib
0x00007fff31318000 	/System/Library/Frameworks/Kerberos.framework/Versions/A/Kerberos
0x00007fff2fada000 	/System/Library/Frameworks/GSS.framework/Versions/A/GSS
0x00007fff54e0c000 	/usr/lib/libresolv.9.dylib
0x00007fff53f03000 	/usr/lib/libiconv.2.dylib
0x00007fff46ead000 	/System/Library/PrivateFrameworks/Heimdal.framework/Versions/A/Heimdal
0x00007fff53ed2000 	/usr/lib/libheimdal-asn1.dylib
0x00007fff35dbf000 	/System/Library/Frameworks/OpenDirectory.framework/Versions/A/OpenDirectory
0x00007fff3fc01000 	/System/Library/PrivateFrameworks/CommonAuth.framework/Versions/A/CommonAuth
0x00007fff35da2000 	/System/Library/Frameworks/OpenDirectory.framework/Versions/A/Frameworks/CFOpenDirectory.framework/Versions/A/CFOpenDirectory
0x00007fff396da000 	/System/Library/Frameworks/SecurityFoundation.framework/Versions/A/SecurityFoundation
0x00007fff3caae000 	/System/Library/PrivateFrameworks/APFS.framework/Versions/A/APFS
0x00007fff5523b000 	/usr/lib/libutil.dylib
0x00007fff3d96d000 	/System/Library/PrivateFrameworks/AppleSauce.framework/Versions/A/AppleSauce
0x00007fff48019000 	/System/Library/PrivateFrameworks/LinguisticData.framework/Versions/A/LinguisticData
0x00007fff54285000 	/usr/lib/libmarisa.dylib
0x00007fff47fd3000 	/System/Library/PrivateFrameworks/Lexicon.framework/Versions/A/Lexicon
0x00007fff52e00000 	/usr/lib/libChineseTokenizer.dylib
0x00007fff53547000 	/usr/lib/libcmph.dylib
0x00007fff47edd000 	/System/Library/PrivateFrameworks/LanguageModeling.framework/Versions/A/LanguageModeling
0x00007fff4071e000 	/System/Library/PrivateFrameworks/CoreEmoji.framework/Versions/A/CoreEmoji
0x00007fff39798000 	/System/Library/Frameworks/ServiceManagement.framework/Versions/A/ServiceManagement
0x00007fff3e1b8000 	/System/Library/PrivateFrameworks/BackgroundTaskManagement.framework/Versions/A/BackgroundTaskManagement
0x00007fff55338000 	/usr/lib/libxslt.1.dylib
0x00007fff2cb6c000 	/System/Library/Frameworks/Carbon.framework/Versions/A/Frameworks/Ink.framework/Versions/A/Ink
0x00007fff510d7000 	/System/Library/PrivateFrameworks/TextureIO.framework/Versions/A/TextureIO
0x00007fff532ea000 	/usr/lib/libate.dylib
0x00007fff41835000 	/System/Library/PrivateFrameworks/CrashReporterSupport.framework/Versions/A/CrashReporterSupport
0x00007fff4e413000 	/System/Library/PrivateFrameworks/Sharing.framework/Versions/A/Sharing
0x00007fff47c1e000 	/System/Library/PrivateFrameworks/IconServices.framework/Versions/A/IconServices
0x00007fff3dde8000 	/System/Library/PrivateFrameworks/AuthKit.framework/Versions/A/AuthKit
0x00007fff3d76d000 	/System/Library/PrivateFrameworks/Apple80211.framework/Versions/A/Apple80211
0x00007fff4164a000 	/System/Library/PrivateFrameworks/CoreUtils.framework/Versions/A/CoreUtils
0x00007fff2f1d7000 	/System/Library/Frameworks/CoreWLAN.framework/Versions/A/CoreWLAN
0x00007fff2fc1c000 	/System/Library/Frameworks/IOBluetooth.framework/Versions/A/IOBluetooth
0x00007fff4c8d7000 	/System/Library/PrivateFrameworks/ProtocolBuffer.framework/Versions/A/ProtocolBuffer
0x00007fff48f2a000 	/System/Library/PrivateFrameworks/MobileKeyBag.framework/Versions/A/MobileKeyBag
0x00007fff40ec2000 	/System/Library/PrivateFrameworks/CorePhoneNumbers.framework/Versions/A/CorePhoneNumbers
0x00007fff3d8a5000 	/System/Library/PrivateFrameworks/AppleIDAuthSupport.framework/Versions/A/AppleIDAuthSupport
0x00007fff47ec9000 	/System/Library/PrivateFrameworks/KeychainCircle.framework/Versions/A/KeychainCircle
0x00007fff417d0000 	/System/Library/PrivateFrameworks/CoreWiFi.framework/Versions/A/CoreWiFi
0x00007fff2d0b7000 	/System/Library/Frameworks/CoreBluetooth.framework/Versions/A/CoreBluetooth
0x00007fff41a20000 	/System/Library/PrivateFrameworks/DebugSymbols.framework/Versions/A/DebugSymbols
0x00007fff41400000 	/System/Library/PrivateFrameworks/CoreSymbolication.framework/Versions/A/CoreSymbolication
0x00007fff508c9000 	/System/Library/PrivateFrameworks/Symbolication.framework/Versions/A/Symbolication
0x00007fff3d797000 	/System/Library/PrivateFrameworks/AppleFSCompression.framework/Versions/A/AppleFSCompression
0x00007fff4fd16000 	/System/Library/PrivateFrameworks/SpeechRecognitionCore.framework/Versions/A/SpeechRecognitionCore
0x0000000104c00000 	/Library/Java/JavaVirtualMachines/jdk1.8.0_211.jdk/Contents/Home/jre/lib/server/libjvm.dylib
0x00007fff55108000 	/usr/lib/libstdc++.6.0.9.dylib
0x00000001043aa000 	/Library/Java/JavaVirtualMachines/jdk1.8.0_211.jdk/Contents/Home/jre/lib/libverify.dylib
0x00000001043b8000 	/Library/Java/JavaVirtualMachines/jdk1.8.0_211.jdk/Contents/Home/jre/lib/libjava.dylib
0x0000000105bb9000 	/Library/Java/JavaVirtualMachines/jdk1.8.0_211.jdk/Contents/Home/jre/lib/libjdwp.dylib
0x00000001043ef000 	/Library/Java/JavaVirtualMachines/jdk1.8.0_211.jdk/Contents/Home/jre/lib/libnpt.dylib
0x0000000105c04000 	/Library/Java/JavaVirtualMachines/jdk1.8.0_211.jdk/Contents/Home/jre/lib/libinstrument.dylib
0x0000000105c98000 	/Library/Java/JavaVirtualMachines/jdk1.8.0_211.jdk/Contents/Home/jre/lib/libzip.dylib
0x0000000108e4f000 	/Library/Java/JavaVirtualMachines/jdk1.8.0_211.jdk/Contents/Home/jre/lib/libdt_socket.dylib

VM Arguments:
jvm_args: -agentlib:jdwp=transport=dt_socket,suspend=y,address=localhost:58448 -javaagent:/Users/lizabordo/eclipse/jee-2019-03/Eclipse.app/Contents/Eclipse/configuration/org.eclipse.osgi/402/0/.cp/lib/javaagent-shaded.jar -Dfile.encoding=UTF-8 
java_command: Firm
java_class_path (initial): /Users/lizabordo/eclipse-workspace/Assignment6/bin:/Users/lizabordo/eclipse/jee-2019-03/Eclipse.app/Contents/Eclipse/configuration/org.eclipse.osgi/402/0/.cp/lib/javaagent-shaded.jar
Launcher Type: SUN_STANDARD

Environment Variables:
PATH=/usr/bin:/bin:/usr/sbin:/sbin
SHELL=/bin/bash

Signal Handlers:
SIGSEGV: [libjvm.dylib+0x5b71a7], sa_mask[0]=11111111011111110111111111111111, sa_flags=SA_ONSTACK|SA_RESTART|SA_SIGINFO
SIGBUS: [libjvm.dylib+0x5b71a7], sa_mask[0]=11111111011111110111111111111111, sa_flags=SA_RESTART|SA_SIGINFO
SIGFPE: [libjvm.dylib+0x48c8fc], sa_mask[0]=11111111011111110111111111111111, sa_flags=SA_RESTART|SA_SIGINFO
SIGPIPE: [libjvm.dylib+0x48c8fc], sa_mask[0]=11111111011111110111111111111111, sa_flags=SA_RESTART|SA_SIGINFO
SIGXFSZ: [libjvm.dylib+0x48c8fc], sa_mask[0]=11111111011111110111111111111111, sa_flags=SA_RESTART|SA_SIGINFO
SIGILL: [libjvm.dylib+0x48c8fc], sa_mask[0]=11111111011111110111111111111111, sa_flags=SA_RESTART|SA_SIGINFO
SIGUSR1: SIG_DFL, sa_mask[0]=00000000000000000000000000000000, sa_flags=none
SIGUSR2: [libjvm.dylib+0x48c41a], sa_mask[0]=00100000000000000000000000000000, sa_flags=SA_RESTART|SA_SIGINFO
SIGHUP: [libjvm.dylib+0x48a9a5], sa_mask[0]=11111111011111110111111111111111, sa_flags=SA_RESTART|SA_SIGINFO
SIGINT: [libjvm.dylib+0x48a9a5], sa_mask[0]=11111111011111110111111111111111, sa_flags=SA_RESTART|SA_SIGINFO
SIGTERM: [libjvm.dylib+0x48a9a5], sa_mask[0]=11111111011111110111111111111111, sa_flags=SA_RESTART|SA_SIGINFO
SIGQUIT: [libjvm.dylib+0x48a9a5], sa_mask[0]=11111111011111110111111111111111, sa_flags=SA_RESTART|SA_SIGINFO


---------------  S Y S T E M  ---------------

OS:Bsduname:Darwin 17.7.0 Darwin Kernel Version 17.7.0: Thu Dec 20 21:47:19 PST 2018; root:xnu-4570.71.22~1/RELEASE_X86_64 x86_64
rlimit: STACK 8192k, CORE 0k, NPROC 709, NOFILE 10240, AS infinity
load average:2.00 2.05 3.29

CPU:total 4 (initial active 4) (2 cores per cpu, 2 threads per core) family 6 model 58 stepping 9, cmov, cx8, fxsr, mmx, sse, sse2, sse3, ssse3, sse4.1, sse4.2, popcnt, avx, aes, clmul, erms, ht, tsc, tscinvbit, tscinv

Memory: 4k page, physical 4194304k(25104k free)

/proc/meminfo:


vm_info: Java HotSpot(TM) 64-Bit Server VM (25.211-b12) for bsd-amd64 JRE (1.8.0_211-b12), built on Apr  1 2019 20:53:18 by "java_re" with gcc 4.2.1 (Based on Apple Inc. build 5658) (LLVM build 2336.11.00)

time: Wed Jun 26 12:04:23 2019
timezone: EDT
elapsed time: 88950 seconds (1d 0h 42m 30s)

